<?xml version="1.0" encoding="UTF-8"?>
<!-- Generated by org.testng.reporters.JUnitReportReporter -->
<testsuite hostname="DESKTOP-3RSRGBJ" failures="0" tests="1" name="name.Rest_Assured.firsttest" time="5.814" errors="0" timestamp="2021-12-15T10:11:30 IST" skipped="0">
  <testcase classname="name.Rest_Assured.firsttest" name="sample" time="5.814"/>
  <system-out/>
</testsuite> <!-- name.Rest_Assured.firsttest -->
