<?xml version="1.0" encoding="UTF-8"?>
<!-- Generated by org.testng.reporters.JUnitReportReporter -->
<testsuite hostname="DESKTOP-3RSRGBJ" failures="0" tests="1" name="name.Rest_Assured.AppTest" time="0.016" errors="0" timestamp="2021-12-15T09:58:02 IST" skipped="0">
  <testcase classname="name.Rest_Assured.AppTest" name="shouldAnswerWithTrue" time="0.016"/>
  <system-out/>
</testsuite> <!-- name.Rest_Assured.AppTest -->
